Using pre-set license
Built from '2020.2/release' branch; Version is '2020.2.1f1 (270dd8c3da1c) revision 2559448'; Using compiler version '192528614'; Build Type 'Release'
OS: 'Windows 10  (10.0.0) 64bit' Language: 'en' Physical Memory: 8127 MB
BatchMode: 1, IsHumanControllingUs: 0, StartBugReporterOnCrash: 0, Is64bit: 1, IsPro: 0

 COMMAND LINE ARGUMENTS:
C:\Program Files\Unity\Hub\Editor\2020.2.1f1\Editor\Unity.exe
-adb2
-batchMode
-noUpm
-name
AssetImportWorker3
-projectPath
C:/Users/lays3/Desktop/EVER_ONWARD/IDEK/Ever_Onward/Ever_Onward
-logFile
Logs/AssetImportWorker3.log
-srvPort
63690
Successfully changed project path to: C:/Users/lays3/Desktop/EVER_ONWARD/IDEK/Ever_Onward/Ever_Onward
C:/Users/lays3/Desktop/EVER_ONWARD/IDEK/Ever_Onward/Ever_Onward
Using Asset Import Pipeline V2.
Refreshing native plugins compatible for Editor in 78.30 ms, found 0 plugins.
Preloading 0 native plugins for Editor in 0.00 ms.
Initialize engine version: 2020.2.1f1 (270dd8c3da1c)
[Subsystems] Discovering subsystems at path C:/Program Files/Unity/Hub/Editor/2020.2.1f1/Editor/Data/Resources/UnitySubsystems
[Subsystems] Discovering subsystems at path C:/Users/lays3/Desktop/EVER_ONWARD/IDEK/Ever_Onward/Ever_Onward/Assets
GfxDevice: creating device client; threaded=0
Direct3D:
    Version:  Direct3D 11.0 [level 11.1]
    Renderer: NVIDIA GeForce GTX 1060 3GB (ID=0x1c02)
    Vendor:   
    VRAM:     2988 MB
    Driver:   30.0.14.7208
Initialize mono
Mono path[0] = 'C:/Program Files/Unity/Hub/Editor/2020.2.1f1/Editor/Data/Managed'
Mono path[1] = 'C:/Program Files/Unity/Hub/Editor/2020.2.1f1/Editor/Data/MonoBleedingEdge/lib/mono/unityjit'
Mono config path = 'C:/Program Files/Unity/Hub/Editor/2020.2.1f1/Editor/Data/MonoBleedingEdge/etc'
Using monoOptions --debugger-agent=transport=dt_socket,embedding=1,server=y,suspend=n,address=127.0.0.1:56484
Begin MonoManager ReloadAssembly
Registering precompiled unity dll's ...
Register platform support module: C:/Program Files/Unity/Hub/Editor/2020.2.1f1/Editor/Data/PlaybackEngines/WebGLSupport/UnityEditor.WebGL.Extensions.dll
Register platform support module: C:/Program Files/Unity/Hub/Editor/2020.2.1f1/Editor/Data/PlaybackEngines/WindowsStandaloneSupport/UnityEditor.WindowsStandalone.Extensions.dll
Registered in 0.002982 seconds.
Native extension for WindowsStandalone target not found
Native extension for WebGL target not found
Refreshing native plugins compatible for Editor in 66.44 ms, found 0 plugins.
Preloading 0 native plugins for Editor in 0.00 ms.
Invoked RoslynAnalysisRunner static constructor.
RoslynAnalysisRunner will not be running.
RoslynAnalysisRunner has terminated.
Mono: successfully reloaded assembly
- Completed reload, in  1.663 seconds
Platform modules already initialized, skipping
Registering precompiled user dll's ...
Registered in 0.001679 seconds.
Begin MonoManager ReloadAssembly
Native extension for WindowsStandalone target not found
Native extension for WebGL target not found
Refreshing native plugins compatible for Editor in 0.42 ms, found 0 plugins.
Preloading 0 native plugins for Editor in 0.00 ms.
Invoked RoslynAnalysisRunner static constructor.
RoslynAnalysisRunner will not be running.
RoslynAnalysisRunner has terminated.
Mono: successfully reloaded assembly
- Completed reload, in  9.705 seconds
Platform modules already initialized, skipping
========================================================================
Worker process is ready to serve import requests
Launched and connected shader compiler UnityShaderCompiler.exe after 0.49 seconds
Refreshing native plugins compatible for Editor in 0.50 ms, found 0 plugins.
Preloading 0 native plugins for Editor in 0.00 ms.
Unloading 1268 Unused Serialized files (Serialized files now loaded: 0)
System memory in use before: 177.7 MB.
System memory in use after: 177.8 MB.

Unloading 9 unused Assets to reduce memory usage. Loaded Objects now: 1732.
Total: 2.234700 ms (FindLiveObjects: 0.242400 ms CreateObjectMapping: 0.145300 ms MarkObjects: 1.702800 ms  DeleteObjects: 0.142100 ms)

========================================================================
Received Import Request.
  path: Assets/Art Assets/Environment/Jordan's Prefabs/Jordan's FBXs/Jnanadakini_1_JBischer.fbx
  artifactKey: Guid(f7aa189e8e55ced4ba99fa630926a339) Importer(815301076,1909f56bfc062723c751e8b465ee728b)
Start importing Assets/Art Assets/Environment/Jordan's Prefabs/Jordan's FBXs/Jnanadakini_1_JBischer.fbx using Guid(f7aa189e8e55ced4ba99fa630926a339) Importer(815301076,1909f56bfc062723c751e8b465ee728b)  -> (artifact id: '8710d20435c3dc490682e5851d8b7df2') in 1.489142 seconds
  Import took 1.492539 seconds .

========================================================================
Received Import Request.
  Time since last request: 0.000277 seconds.
  path: Assets/Art Assets/Environment/Jordan's Prefabs/Jordan's FBXs/Textures/Art/Materials/DP-19527-001.mat
  artifactKey: Guid(6fd799eb88049114eafc216ff0f53eb4) Importer(815301076,1909f56bfc062723c751e8b465ee728b)
Start importing Assets/Art Assets/Environment/Jordan's Prefabs/Jordan's FBXs/Textures/Art/Materials/DP-19527-001.mat using Guid(6fd799eb88049114eafc216ff0f53eb4) Importer(815301076,1909f56bfc062723c751e8b465ee728b)  -> (artifact id: '50ba14503e6966e5b6b817a18724ead8') in 0.220449 seconds
  Import took 0.223100 seconds .

========================================================================
Received Prepare
Registering precompiled user dll's ...
Registered in 0.001044 seconds.
Begin MonoManager ReloadAssembly
Native extension for WindowsStandalone target not found
Native extension for WebGL target not found
Refreshing native plugins compatible for Editor in 0.54 ms, found 0 plugins.
Preloading 0 native plugins for Editor in 0.00 ms.
Invoked RoslynAnalysisRunner static constructor.
RoslynAnalysisRunner will not be running.
RoslynAnalysisRunner has terminated.
Mono: successfully reloaded assembly
- Completed reload, in  1.172 seconds
Platform modules already initialized, skipping
Refreshing native plugins compatible for Editor in 0.68 ms, found 0 plugins.
Preloading 0 native plugins for Editor in 0.00 ms.
Unloading 1223 Unused Serialized files (Serialized files now loaded: 0)
System memory in use before: 179.0 MB.
System memory in use after: 179.1 MB.

Unloading 5 unused Assets to reduce memory usage. Loaded Objects now: 1777.
Total: 1.655100 ms (FindLiveObjects: 0.163600 ms CreateObjectMapping: 0.042400 ms MarkObjects: 1.344200 ms  DeleteObjects: 0.103900 ms)

========================================================================
Received Prepare
Registering precompiled user dll's ...
Registered in 0.010354 seconds.
Begin MonoManager ReloadAssembly
Native extension for WindowsStandalone target not found
Native extension for WebGL target not found
Refreshing native plugins compatible for Editor in 0.38 ms, found 0 plugins.
Preloading 0 native plugins for Editor in 0.00 ms.
Invoked RoslynAnalysisRunner static constructor.
RoslynAnalysisRunner will not be running.
RoslynAnalysisRunner has terminated.
Mono: successfully reloaded assembly
- Completed reload, in  2.202 seconds
Platform modules already initialized, skipping
Refreshing native plugins compatible for Editor in 0.57 ms, found 0 plugins.
Preloading 0 native plugins for Editor in 0.00 ms.
Unloading 1223 Unused Serialized files (Serialized files now loaded: 0)
System memory in use before: 179.1 MB.
System memory in use after: 179.1 MB.

Unloading 5 unused Assets to reduce memory usage. Loaded Objects now: 1779.
Total: 5.740700 ms (FindLiveObjects: 0.543800 ms CreateObjectMapping: 0.114900 ms MarkObjects: 4.895600 ms  DeleteObjects: 0.184300 ms)

========================================================================
Received Prepare
Registering precompiled user dll's ...
Registered in 0.001402 seconds.
Begin MonoManager ReloadAssembly
Native extension for WindowsStandalone target not found
Native extension for WebGL target not found
Refreshing native plugins compatible for Editor in 0.48 ms, found 0 plugins.
Preloading 0 native plugins for Editor in 0.00 ms.
Invoked RoslynAnalysisRunner static constructor.
RoslynAnalysisRunner will not be running.
RoslynAnalysisRunner has terminated.
Mono: successfully reloaded assembly
- Completed reload, in  1.251 seconds
Platform modules already initialized, skipping
Refreshing native plugins compatible for Editor in 0.60 ms, found 0 plugins.
Preloading 0 native plugins for Editor in 0.00 ms.
Unloading 1223 Unused Serialized files (Serialized files now loaded: 0)
System memory in use before: 179.1 MB.
System memory in use after: 179.2 MB.

Unloading 5 unused Assets to reduce memory usage. Loaded Objects now: 1781.
Total: 1.822600 ms (FindLiveObjects: 0.168600 ms CreateObjectMapping: 0.042700 ms MarkObjects: 1.469300 ms  DeleteObjects: 0.140900 ms)

========================================================================
Received Prepare
Registering precompiled user dll's ...
Registered in 0.001123 seconds.
Begin MonoManager ReloadAssembly
Native extension for WindowsStandalone target not found
Native extension for WebGL target not found
Refreshing native plugins compatible for Editor in 0.45 ms, found 0 plugins.
Preloading 0 native plugins for Editor in 0.00 ms.
Invoked RoslynAnalysisRunner static constructor.
RoslynAnalysisRunner will not be running.
RoslynAnalysisRunner has terminated.
Mono: successfully reloaded assembly
- Completed reload, in  1.454 seconds
Platform modules already initialized, skipping
Refreshing native plugins compatible for Editor in 0.36 ms, found 0 plugins.
Preloading 0 native plugins for Editor in 0.00 ms.
Unloading 1223 Unused Serialized files (Serialized files now loaded: 0)
System memory in use before: 179.1 MB.
System memory in use after: 179.2 MB.

Unloading 5 unused Assets to reduce memory usage. Loaded Objects now: 1783.
Total: 2.613100 ms (FindLiveObjects: 0.540400 ms CreateObjectMapping: 0.075100 ms MarkObjects: 1.881000 ms  DeleteObjects: 0.115200 ms)

========================================================================
Received Prepare
Registering precompiled user dll's ...
Registered in 0.001057 seconds.
Begin MonoManager ReloadAssembly
Native extension for WindowsStandalone target not found
Native extension for WebGL target not found
Refreshing native plugins compatible for Editor in 0.46 ms, found 0 plugins.
Preloading 0 native plugins for Editor in 0.00 ms.
Invoked RoslynAnalysisRunner static constructor.
RoslynAnalysisRunner will not be running.
RoslynAnalysisRunner has terminated.
Mono: successfully reloaded assembly
- Completed reload, in  3.169 seconds
Platform modules already initialized, skipping
Refreshing native plugins compatible for Editor in 0.43 ms, found 0 plugins.
Preloading 0 native plugins for Editor in 0.00 ms.
Unloading 1223 Unused Serialized files (Serialized files now loaded: 0)
System memory in use before: 179.1 MB.
System memory in use after: 179.2 MB.

Unloading 5 unused Assets to reduce memory usage. Loaded Objects now: 1785.
Total: 4.657900 ms (FindLiveObjects: 0.285600 ms CreateObjectMapping: 0.113100 ms MarkObjects: 4.096400 ms  DeleteObjects: 0.160800 ms)

========================================================================
Received Import Request.
  Time since last request: 3855.440488 seconds.
  path: Assets/Art Assets/Environment/Jordan's Prefabs/Table_2_JBischer.prefab
  artifactKey: Guid(e1bae168174949440b9e20bae4320710) Importer(815301076,1909f56bfc062723c751e8b465ee728b)
Start importing Assets/Art Assets/Environment/Jordan's Prefabs/Table_2_JBischer.prefab using Guid(e1bae168174949440b9e20bae4320710) Importer(815301076,1909f56bfc062723c751e8b465ee728b)  -> (artifact id: 'cc2023109d92660f59b6d932507e07b8') in 0.552095 seconds
  Import took 0.559841 seconds .

========================================================================
Received Import Request.
  Time since last request: 0.498115 seconds.
  path: Assets/Art Assets/Environment/Jordan's Prefabs/Table_2_JBischer.prefab
  artifactKey: Guid(e1bae168174949440b9e20bae4320710) Importer(815301076,1909f56bfc062723c751e8b465ee728b)
Start importing Assets/Art Assets/Environment/Jordan's Prefabs/Table_2_JBischer.prefab using Guid(e1bae168174949440b9e20bae4320710) Importer(815301076,1909f56bfc062723c751e8b465ee728b)  -> (artifact id: '02e3823e05244ac65e9125384be491ce') in 0.479812 seconds
  Import took 0.508791 seconds .

========================================================================
Received Import Request.
  Time since last request: 13.133533 seconds.
  path: Assets/Art Assets/Environment/Jordan's Prefabs/Bookshelf_1_JBischer.prefab
  artifactKey: Guid(d17645c792d7a0f4693b0cfba2e326b1) Importer(815301076,1909f56bfc062723c751e8b465ee728b)
Start importing Assets/Art Assets/Environment/Jordan's Prefabs/Bookshelf_1_JBischer.prefab using Guid(d17645c792d7a0f4693b0cfba2e326b1) Importer(815301076,1909f56bfc062723c751e8b465ee728b)  -> (artifact id: '1717c96ccc0fa3fb268cfc59688f3986') in 0.270429 seconds
  Import took 0.278141 seconds .

========================================================================
Received Import Request.
  Time since last request: 0.621991 seconds.
  path: Assets/Art Assets/Environment/Jordan's Prefabs/Bookshelf_1_JBischer.prefab
  artifactKey: Guid(d17645c792d7a0f4693b0cfba2e326b1) Importer(815301076,1909f56bfc062723c751e8b465ee728b)
Start importing Assets/Art Assets/Environment/Jordan's Prefabs/Bookshelf_1_JBischer.prefab using Guid(d17645c792d7a0f4693b0cfba2e326b1) Importer(815301076,1909f56bfc062723c751e8b465ee728b)  -> (artifact id: 'b9bb6c70c49e8e99ccf4649c77795bad') in 0.028568 seconds
  Import took 0.039733 seconds .

========================================================================
Received Import Request.
  Time since last request: 8.084836 seconds.
  path: Assets/Art Assets/Environment/Jordan's Prefabs/Desk Chair.prefab
  artifactKey: Guid(103938bc92bc8fa40b2f8b234e849763) Importer(815301076,1909f56bfc062723c751e8b465ee728b)
Start importing Assets/Art Assets/Environment/Jordan's Prefabs/Desk Chair.prefab using Guid(103938bc92bc8fa40b2f8b234e849763) Importer(815301076,1909f56bfc062723c751e8b465ee728b)  -> (artifact id: '6b5dc79137c749d34d2ba004b0a8e17c') in 0.184814 seconds
  Import took 0.189250 seconds .

========================================================================
Received Import Request.
  Time since last request: 0.934859 seconds.
  path: Assets/Art Assets/Environment/Jordan's Prefabs/Desk Chair.prefab
  artifactKey: Guid(103938bc92bc8fa40b2f8b234e849763) Importer(815301076,1909f56bfc062723c751e8b465ee728b)
Start importing Assets/Art Assets/Environment/Jordan's Prefabs/Desk Chair.prefab using Guid(103938bc92bc8fa40b2f8b234e849763) Importer(815301076,1909f56bfc062723c751e8b465ee728b)  -> (artifact id: 'ee939c858e7db772b413351527f7b330') in 0.618867 seconds
  Import took 0.635212 seconds .

========================================================================
Received Import Request.
  Time since last request: 1.781828 seconds.
  path: Assets/Art Assets/Environment/Jordan's Prefabs/Desk Chair.prefab
  artifactKey: Guid(103938bc92bc8fa40b2f8b234e849763) Importer(815301076,1909f56bfc062723c751e8b465ee728b)
Start importing Assets/Art Assets/Environment/Jordan's Prefabs/Desk Chair.prefab using Guid(103938bc92bc8fa40b2f8b234e849763) Importer(815301076,1909f56bfc062723c751e8b465ee728b)  -> (artifact id: '304a41a55271ac3e76d04ea62b27d400') in 0.049679 seconds
  Import took 0.087060 seconds .

========================================================================
Received Import Request.
  Time since last request: 1.279341 seconds.
  path: Assets/Art Assets/Environment/Jordan's Prefabs/Desk Chair.prefab
  artifactKey: Guid(103938bc92bc8fa40b2f8b234e849763) Importer(815301076,1909f56bfc062723c751e8b465ee728b)
Start importing Assets/Art Assets/Environment/Jordan's Prefabs/Desk Chair.prefab using Guid(103938bc92bc8fa40b2f8b234e849763) Importer(815301076,1909f56bfc062723c751e8b465ee728b)  -> (artifact id: '88124c8d2b2606da0ef78ae585aed0a6') in 0.025318 seconds
  Import took 0.028521 seconds .

========================================================================
Received Import Request.
  Time since last request: 2.593845 seconds.
  path: Assets/Art Assets/Environment/Jordan's Prefabs/Desk Chair.prefab
  artifactKey: Guid(103938bc92bc8fa40b2f8b234e849763) Importer(815301076,1909f56bfc062723c751e8b465ee728b)
Start importing Assets/Art Assets/Environment/Jordan's Prefabs/Desk Chair.prefab using Guid(103938bc92bc8fa40b2f8b234e849763) Importer(815301076,1909f56bfc062723c751e8b465ee728b)  -> (artifact id: '796fd7addbe27da327036034610ddf26') in 0.016925 seconds
  Import took 0.020015 seconds .

========================================================================
Received Import Request.
  Time since last request: 0.898098 seconds.
  path: Assets/Art Assets/Environment/Jordan's Prefabs/Desk Chair.prefab
  artifactKey: Guid(103938bc92bc8fa40b2f8b234e849763) Importer(815301076,1909f56bfc062723c751e8b465ee728b)
Start importing Assets/Art Assets/Environment/Jordan's Prefabs/Desk Chair.prefab using Guid(103938bc92bc8fa40b2f8b234e849763) Importer(815301076,1909f56bfc062723c751e8b465ee728b)  -> (artifact id: 'eee1d76f1bf1c090c2fc87f69c7d14fa') in 0.026237 seconds
  Import took 0.032007 seconds .

========================================================================
Received Import Request.
  Time since last request: 5.449638 seconds.
  path: Assets/Art Assets/Environment/Jordan's Prefabs/Large Chest.prefab
  artifactKey: Guid(0f52465f96c51ff45a6bbc8c867994be) Importer(815301076,1909f56bfc062723c751e8b465ee728b)
Start importing Assets/Art Assets/Environment/Jordan's Prefabs/Large Chest.prefab using Guid(0f52465f96c51ff45a6bbc8c867994be) Importer(815301076,1909f56bfc062723c751e8b465ee728b)  -> (artifact id: '28c21400a615ef964f20ba780e5c79fa') in 0.474913 seconds
  Import took 0.478338 seconds .

========================================================================
Received Import Request.
  Time since last request: 0.504562 seconds.
  path: Assets/Art Assets/Environment/Jordan's Prefabs/Large Chest.prefab
  artifactKey: Guid(0f52465f96c51ff45a6bbc8c867994be) Importer(815301076,1909f56bfc062723c751e8b465ee728b)
Start importing Assets/Art Assets/Environment/Jordan's Prefabs/Large Chest.prefab using Guid(0f52465f96c51ff45a6bbc8c867994be) Importer(815301076,1909f56bfc062723c751e8b465ee728b)  -> (artifact id: 'd343a495e80accf692a682e8e990245c') in 0.048197 seconds
  Import took 0.054775 seconds .

========================================================================
Received Import Request.
  Time since last request: 3.200495 seconds.
  path: Assets/Art Assets/Environment/Jordan's Prefabs/Wardrobe_1_JBischer.prefab
  artifactKey: Guid(2970d9383027af14fbfe2d196fcb18f5) Importer(815301076,1909f56bfc062723c751e8b465ee728b)
Start importing Assets/Art Assets/Environment/Jordan's Prefabs/Wardrobe_1_JBischer.prefab using Guid(2970d9383027af14fbfe2d196fcb18f5) Importer(815301076,1909f56bfc062723c751e8b465ee728b)  -> (artifact id: '1b10bb2e5ecff15ef5ec7c3048b36531') in 0.322988 seconds
  Import took 0.325987 seconds .

========================================================================
Received Import Request.
  Time since last request: 1.631942 seconds.
  path: Assets/Art Assets/Environment/Jordan's Prefabs/Wardrobe_1_JBischer.prefab
  artifactKey: Guid(2970d9383027af14fbfe2d196fcb18f5) Importer(815301076,1909f56bfc062723c751e8b465ee728b)
Start importing Assets/Art Assets/Environment/Jordan's Prefabs/Wardrobe_1_JBischer.prefab using Guid(2970d9383027af14fbfe2d196fcb18f5) Importer(815301076,1909f56bfc062723c751e8b465ee728b)  -> (artifact id: 'e63d42feec877229afcfd65a7c0cc77d') in 0.025528 seconds
  Import took 0.033897 seconds .

========================================================================
Received Import Request.
  Time since last request: 9.523397 seconds.
  path: Assets/Art Assets/Environment/Jordan's Prefabs/Vase - Snow.prefab
  artifactKey: Guid(1e6953ca69adaee4281c1cad220aa380) Importer(815301076,1909f56bfc062723c751e8b465ee728b)
Start importing Assets/Art Assets/Environment/Jordan's Prefabs/Vase - Snow.prefab using Guid(1e6953ca69adaee4281c1cad220aa380) Importer(815301076,1909f56bfc062723c751e8b465ee728b)  -> (artifact id: 'fe3383f5bf87923529d90d1072c1a79b') in 0.242557 seconds
  Import took 0.247114 seconds .

========================================================================
Received Import Request.
  Time since last request: 0.946127 seconds.
  path: Assets/Art Assets/Environment/Jordan's Prefabs/Vase - Snow.prefab
  artifactKey: Guid(1e6953ca69adaee4281c1cad220aa380) Importer(815301076,1909f56bfc062723c751e8b465ee728b)
Start importing Assets/Art Assets/Environment/Jordan's Prefabs/Vase - Snow.prefab using Guid(1e6953ca69adaee4281c1cad220aa380) Importer(815301076,1909f56bfc062723c751e8b465ee728b)  -> (artifact id: 'b17684c17366c8670b85c668e32a5fc3') in 0.065986 seconds
  Import took 0.069808 seconds .

========================================================================
Received Import Request.
  Time since last request: 5.064536 seconds.
  path: Assets/Art Assets/Environment/Jordan's Prefabs/Vase - Cherry Blossoms.prefab
  artifactKey: Guid(f3e46d66efff247488c4db049b801b94) Importer(815301076,1909f56bfc062723c751e8b465ee728b)
Start importing Assets/Art Assets/Environment/Jordan's Prefabs/Vase - Cherry Blossoms.prefab using Guid(f3e46d66efff247488c4db049b801b94) Importer(815301076,1909f56bfc062723c751e8b465ee728b)  -> (artifact id: '35349d6a42c3e08f166884e85798c3b7') in 0.255609 seconds
  Import took 0.269058 seconds .

========================================================================
Received Import Request.
  Time since last request: 0.602171 seconds.
  path: Assets/Art Assets/Environment/Jordan's Prefabs/Vase - Cherry Blossoms.prefab
  artifactKey: Guid(f3e46d66efff247488c4db049b801b94) Importer(815301076,1909f56bfc062723c751e8b465ee728b)
Start importing Assets/Art Assets/Environment/Jordan's Prefabs/Vase - Cherry Blossoms.prefab using Guid(f3e46d66efff247488c4db049b801b94) Importer(815301076,1909f56bfc062723c751e8b465ee728b)  -> (artifact id: '789b98509c8c41559e1694d06a39ea98') in 0.093744 seconds
  Import took 0.106705 seconds .

========================================================================
Received Import Request.
  Time since last request: 6.409979 seconds.
  path: Assets/Art Assets/Environment/Jordan's Prefabs/Vase (1).prefab
  artifactKey: Guid(c1a1e33f8d26bef4e8c13ccdb4f1b9b9) Importer(815301076,1909f56bfc062723c751e8b465ee728b)
Start importing Assets/Art Assets/Environment/Jordan's Prefabs/Vase (1).prefab using Guid(c1a1e33f8d26bef4e8c13ccdb4f1b9b9) Importer(815301076,1909f56bfc062723c751e8b465ee728b)  -> (artifact id: '8d4ef38fda806d82ab12828f624377ad') in 0.228177 seconds
  Import took 0.238347 seconds .

========================================================================
Received Import Request.
  Time since last request: 0.764215 seconds.
  path: Assets/Art Assets/Environment/Jordan's Prefabs/Vase (1).prefab
  artifactKey: Guid(c1a1e33f8d26bef4e8c13ccdb4f1b9b9) Importer(815301076,1909f56bfc062723c751e8b465ee728b)
Start importing Assets/Art Assets/Environment/Jordan's Prefabs/Vase (1).prefab using Guid(c1a1e33f8d26bef4e8c13ccdb4f1b9b9) Importer(815301076,1909f56bfc062723c751e8b465ee728b)  -> (artifact id: 'faa9eacbbc57c361082747f54aa5f426') in 0.044046 seconds
  Import took 0.055823 seconds .

========================================================================
Received Import Request.
  Time since last request: 3.765659 seconds.
  path: Assets/Art Assets/Environment/Jordan's Prefabs/Teaset_1_JBischer.prefab
  artifactKey: Guid(05b03bc962c3c8f4d8c67f0ae970d87d) Importer(815301076,1909f56bfc062723c751e8b465ee728b)
Start importing Assets/Art Assets/Environment/Jordan's Prefabs/Teaset_1_JBischer.prefab using Guid(05b03bc962c3c8f4d8c67f0ae970d87d) Importer(815301076,1909f56bfc062723c751e8b465ee728b)  -> (artifact id: 'db0a2358fe2ae281526665e79df05d9d') in 0.200085 seconds
  Import took 0.205869 seconds .

========================================================================
Received Import Request.
  Time since last request: 1.292809 seconds.
  path: Assets/Art Assets/Environment/Jordan's Prefabs/Teaset_1_JBischer.prefab
  artifactKey: Guid(05b03bc962c3c8f4d8c67f0ae970d87d) Importer(815301076,1909f56bfc062723c751e8b465ee728b)
Start importing Assets/Art Assets/Environment/Jordan's Prefabs/Teaset_1_JBischer.prefab using Guid(05b03bc962c3c8f4d8c67f0ae970d87d) Importer(815301076,1909f56bfc062723c751e8b465ee728b)  -> (artifact id: 'b8c4e93c2d0b89308b9eef649064715a') in 0.451174 seconds
  Import took 0.485750 seconds .

========================================================================
Received Import Request.
  Time since last request: 2.091771 seconds.
  path: Assets/Art Assets/Environment/Jordan's Prefabs/Teaset_1_JBischer.prefab
  artifactKey: Guid(05b03bc962c3c8f4d8c67f0ae970d87d) Importer(815301076,1909f56bfc062723c751e8b465ee728b)
Start importing Assets/Art Assets/Environment/Jordan's Prefabs/Teaset_1_JBischer.prefab using Guid(05b03bc962c3c8f4d8c67f0ae970d87d) Importer(815301076,1909f56bfc062723c751e8b465ee728b)  -> (artifact id: '2cd7e07f4889ea02e33a93ff462586eb') in 0.198549 seconds
  Import took 0.201705 seconds .

========================================================================
Received Import Request.
  Time since last request: 5.704371 seconds.
  path: Assets/Art Assets/Environment/Jordan's Prefabs/Table_1_JBischer.prefab
  artifactKey: Guid(0105abf1f06018c428b0c51e95d09b9c) Importer(815301076,1909f56bfc062723c751e8b465ee728b)
Start importing Assets/Art Assets/Environment/Jordan's Prefabs/Table_1_JBischer.prefab using Guid(0105abf1f06018c428b0c51e95d09b9c) Importer(815301076,1909f56bfc062723c751e8b465ee728b)  -> (artifact id: 'c97d77b25c64144b9f094152bb1df0a2') in 0.184502 seconds
  Import took 0.189971 seconds .

========================================================================
Received Import Request.
  Time since last request: 0.761010 seconds.
  path: Assets/Art Assets/Environment/Jordan's Prefabs/Table_1_JBischer.prefab
  artifactKey: Guid(0105abf1f06018c428b0c51e95d09b9c) Importer(815301076,1909f56bfc062723c751e8b465ee728b)
Start importing Assets/Art Assets/Environment/Jordan's Prefabs/Table_1_JBischer.prefab using Guid(0105abf1f06018c428b0c51e95d09b9c) Importer(815301076,1909f56bfc062723c751e8b465ee728b)  -> (artifact id: 'e6385b21cfbe617f33da25353811de3e') in 0.399909 seconds
  Import took 0.605149 seconds .

========================================================================
Received Import Request.
  Time since last request: 4.904038 seconds.
  path: Assets/Art Assets/Environment/Jordan's Prefabs/Small Chest.prefab
  artifactKey: Guid(f1e5b989e2a78164c823a2472ed2beb2) Importer(815301076,1909f56bfc062723c751e8b465ee728b)
Start importing Assets/Art Assets/Environment/Jordan's Prefabs/Small Chest.prefab using Guid(f1e5b989e2a78164c823a2472ed2beb2) Importer(815301076,1909f56bfc062723c751e8b465ee728b)  -> (artifact id: 'd150431c444690ca29da1e3b267d836e') in 0.601632 seconds
  Import took 0.612658 seconds .

========================================================================
Received Import Request.
  Time since last request: 0.243396 seconds.
  path: Assets/Art Assets/Environment/Jordan's Prefabs/Small Chest.prefab
  artifactKey: Guid(f1e5b989e2a78164c823a2472ed2beb2) Importer(815301076,1909f56bfc062723c751e8b465ee728b)
Start importing Assets/Art Assets/Environment/Jordan's Prefabs/Small Chest.prefab using Guid(f1e5b989e2a78164c823a2472ed2beb2) Importer(815301076,1909f56bfc062723c751e8b465ee728b)  -> (artifact id: 'e684954dd14e30b51a042a2f4936c21f') in 0.050510 seconds
  Import took 0.061974 seconds .

========================================================================
Received Import Request.
  Time since last request: 5.397685 seconds.
  path: Assets/Art Assets/Environment/Jordan's Prefabs/Bench_1_JBischer.prefab
  artifactKey: Guid(98d2521de4354c44d9a56f6f47c05ac1) Importer(815301076,1909f56bfc062723c751e8b465ee728b)
Start importing Assets/Art Assets/Environment/Jordan's Prefabs/Bench_1_JBischer.prefab using Guid(98d2521de4354c44d9a56f6f47c05ac1) Importer(815301076,1909f56bfc062723c751e8b465ee728b)  -> (artifact id: '12f7a57bdff05fa4782dc053b48209fe') in 0.226801 seconds
  Import took 0.229791 seconds .

========================================================================
Received Import Request.
  Time since last request: 1.204562 seconds.
  path: Assets/Art Assets/Environment/Jordan's Prefabs/Bench_1_JBischer.prefab
  artifactKey: Guid(98d2521de4354c44d9a56f6f47c05ac1) Importer(815301076,1909f56bfc062723c751e8b465ee728b)
Start importing Assets/Art Assets/Environment/Jordan's Prefabs/Bench_1_JBischer.prefab using Guid(98d2521de4354c44d9a56f6f47c05ac1) Importer(815301076,1909f56bfc062723c751e8b465ee728b)  -> (artifact id: '8a19538d08623ce61f9f778bff8f11e4') in 0.247988 seconds
  Import took 0.274520 seconds .

========================================================================
Received Import Request.
  Time since last request: 9.969847 seconds.
  path: Assets/Art Assets/Environment/Jordan's Prefabs/Chair 1.prefab
  artifactKey: Guid(72bb485049cf9744a9585f191468f240) Importer(815301076,1909f56bfc062723c751e8b465ee728b)
Start importing Assets/Art Assets/Environment/Jordan's Prefabs/Chair 1.prefab using Guid(72bb485049cf9744a9585f191468f240) Importer(815301076,1909f56bfc062723c751e8b465ee728b)  -> (artifact id: 'a7eaa04e343f10525566c78ac1b51749') in 0.183418 seconds
  Import took 0.189626 seconds .

========================================================================
Received Import Request.
  Time since last request: 0.903765 seconds.
  path: Assets/Art Assets/Environment/Jordan's Prefabs/Chair 1.prefab
  artifactKey: Guid(72bb485049cf9744a9585f191468f240) Importer(815301076,1909f56bfc062723c751e8b465ee728b)
Start importing Assets/Art Assets/Environment/Jordan's Prefabs/Chair 1.prefab using Guid(72bb485049cf9744a9585f191468f240) Importer(815301076,1909f56bfc062723c751e8b465ee728b)  -> (artifact id: '1e78de8709cfb186d8365c23923093fe') in 0.073358 seconds
  Import took 0.080020 seconds .

========================================================================
Received Import Request.
  Time since last request: 5.612272 seconds.
  path: Assets/Art Assets/Environment/Jordan's Prefabs/Cushion_1_JBischer.prefab
  artifactKey: Guid(f69d92573e05ce344b8fd6dceb0d86ef) Importer(815301076,1909f56bfc062723c751e8b465ee728b)
Start importing Assets/Art Assets/Environment/Jordan's Prefabs/Cushion_1_JBischer.prefab using Guid(f69d92573e05ce344b8fd6dceb0d86ef) Importer(815301076,1909f56bfc062723c751e8b465ee728b)  -> (artifact id: 'ffe24ed28031fe50aa209919bd8518ee') in 0.209519 seconds
  Import took 0.224918 seconds .

========================================================================
Received Import Request.
  Time since last request: 0.928229 seconds.
  path: Assets/Art Assets/Environment/Jordan's Prefabs/Cushion_1_JBischer.prefab
  artifactKey: Guid(f69d92573e05ce344b8fd6dceb0d86ef) Importer(815301076,1909f56bfc062723c751e8b465ee728b)
Start importing Assets/Art Assets/Environment/Jordan's Prefabs/Cushion_1_JBischer.prefab using Guid(f69d92573e05ce344b8fd6dceb0d86ef) Importer(815301076,1909f56bfc062723c751e8b465ee728b)  -> (artifact id: '9df2cc2b63e3272c6fe0fd07bc91eda2') in 0.026337 seconds
  Import took 0.031628 seconds .

========================================================================
Received Import Request.
  Time since last request: 35.650104 seconds.
  path: Assets/Art Assets/Environment/Jordan's Prefabs/Chair 1.prefab
  artifactKey: Guid(72bb485049cf9744a9585f191468f240) Importer(815301076,1909f56bfc062723c751e8b465ee728b)
Start importing Assets/Art Assets/Environment/Jordan's Prefabs/Chair 1.prefab using Guid(72bb485049cf9744a9585f191468f240) Importer(815301076,1909f56bfc062723c751e8b465ee728b)  -> (artifact id: 'c724e60813c78086c2750de2460699bc') in 0.036543 seconds
  Import took 0.041190 seconds .

========================================================================
Received Import Request.
  Time since last request: 1.444414 seconds.
  path: Assets/Art Assets/Environment/Jordan's Prefabs/Chair 1.prefab
  artifactKey: Guid(72bb485049cf9744a9585f191468f240) Importer(815301076,1909f56bfc062723c751e8b465ee728b)
Start importing Assets/Art Assets/Environment/Jordan's Prefabs/Chair 1.prefab using Guid(72bb485049cf9744a9585f191468f240) Importer(815301076,1909f56bfc062723c751e8b465ee728b)  -> (artifact id: '7f648c6ac74fdf950e996859c1329763') in 0.056218 seconds
  Import took 0.062164 seconds .

========================================================================
Received Prepare
Registering precompiled user dll's ...
Registered in 0.001480 seconds.
Begin MonoManager ReloadAssembly
Native extension for WindowsStandalone target not found
Native extension for WebGL target not found
Refreshing native plugins compatible for Editor in 0.49 ms, found 0 plugins.
Preloading 0 native plugins for Editor in 0.00 ms.
Invoked RoslynAnalysisRunner static constructor.
RoslynAnalysisRunner will not be running.
RoslynAnalysisRunner has terminated.
Mono: successfully reloaded assembly
- Completed reload, in  3.426 seconds
Platform modules already initialized, skipping
Refreshing native plugins compatible for Editor in 0.73 ms, found 0 plugins.
Preloading 0 native plugins for Editor in 0.00 ms.
Unloading 1223 Unused Serialized files (Serialized files now loaded: 0)
System memory in use before: 179.2 MB.
System memory in use after: 179.3 MB.

Unloading 5 unused Assets to reduce memory usage. Loaded Objects now: 1788.
Total: 14.120000 ms (FindLiveObjects: 4.790200 ms CreateObjectMapping: 1.102900 ms MarkObjects: 7.875500 ms  DeleteObjects: 0.348900 ms)

========================================================================
Received Prepare
Registering precompiled user dll's ...
Registered in 0.004937 seconds.
Begin MonoManager ReloadAssembly
Native extension for WindowsStandalone target not found
Native extension for WebGL target not found
Refreshing native plugins compatible for Editor in 0.45 ms, found 0 plugins.
Preloading 0 native plugins for Editor in 0.00 ms.
Invoked RoslynAnalysisRunner static constructor.
RoslynAnalysisRunner will not be running.
RoslynAnalysisRunner has terminated.
Mono: successfully reloaded assembly
- Completed reload, in  1.422 seconds
Platform modules already initialized, skipping
Refreshing native plugins compatible for Editor in 0.38 ms, found 0 plugins.
Preloading 0 native plugins for Editor in 0.00 ms.
Unloading 1223 Unused Serialized files (Serialized files now loaded: 0)
System memory in use before: 179.2 MB.
System memory in use after: 179.3 MB.

Unloading 5 unused Assets to reduce memory usage. Loaded Objects now: 1790.
Total: 3.612800 ms (FindLiveObjects: 0.200600 ms CreateObjectMapping: 0.059600 ms MarkObjects: 3.171600 ms  DeleteObjects: 0.178800 ms)

========================================================================
Received Prepare
Registering precompiled user dll's ...
Registered in 0.001967 seconds.
Begin MonoManager ReloadAssembly
Native extension for WindowsStandalone target not found
Native extension for WebGL target not found
Refreshing native plugins compatible for Editor in 0.36 ms, found 0 plugins.
Preloading 0 native plugins for Editor in 0.00 ms.
Invoked RoslynAnalysisRunner static constructor.
RoslynAnalysisRunner will not be running.
RoslynAnalysisRunner has terminated.
Mono: successfully reloaded assembly
- Completed reload, in  3.665 seconds
Platform modules already initialized, skipping
Refreshing native plugins compatible for Editor in 0.36 ms, found 0 plugins.
Preloading 0 native plugins for Editor in 0.00 ms.
Unloading 1223 Unused Serialized files (Serialized files now loaded: 0)
System memory in use before: 179.2 MB.
System memory in use after: 179.3 MB.

Unloading 5 unused Assets to reduce memory usage. Loaded Objects now: 1792.
Total: 2.092300 ms (FindLiveObjects: 0.191600 ms CreateObjectMapping: 0.059700 ms MarkObjects: 1.712200 ms  DeleteObjects: 0.127400 ms)

========================================================================
Received Prepare
Registering precompiled user dll's ...
Registered in 0.001144 seconds.
Begin MonoManager ReloadAssembly
Native extension for WindowsStandalone target not found
Native extension for WebGL target not found
Refreshing native plugins compatible for Editor in 0.38 ms, found 0 plugins.
Preloading 0 native plugins for Editor in 0.00 ms.
Invoked RoslynAnalysisRunner static constructor.
RoslynAnalysisRunner will not be running.
RoslynAnalysisRunner has terminated.
Mono: successfully reloaded assembly
- Completed reload, in  1.571 seconds
Platform modules already initialized, skipping
Refreshing native plugins compatible for Editor in 0.37 ms, found 0 plugins.
Preloading 0 native plugins for Editor in 0.00 ms.
Unloading 1223 Unused Serialized files (Serialized files now loaded: 0)
System memory in use before: 179.2 MB.
System memory in use after: 179.3 MB.

Unloading 5 unused Assets to reduce memory usage. Loaded Objects now: 1794.
Total: 2.064100 ms (FindLiveObjects: 0.178500 ms CreateObjectMapping: 0.055200 ms MarkObjects: 1.712400 ms  DeleteObjects: 0.116600 ms)

========================================================================
Received Import Request.
  Time since last request: 3774.837946 seconds.
  path: Assets/Art Assets/Environment/Jordan's Prefabs/Wardrobe_1_JBischer.prefab
  artifactKey: Guid(2970d9383027af14fbfe2d196fcb18f5) Importer(815301076,1909f56bfc062723c751e8b465ee728b)
Start importing Assets/Art Assets/Environment/Jordan's Prefabs/Wardrobe_1_JBischer.prefab using Guid(2970d9383027af14fbfe2d196fcb18f5) Importer(815301076,1909f56bfc062723c751e8b465ee728b)  -> (artifact id: '717c0529437e73f931391dd21eb53189') in 0.163083 seconds
  Import took 0.167821 seconds .

========================================================================
Received Prepare
Registering precompiled user dll's ...
Registered in 0.001287 seconds.
Begin MonoManager ReloadAssembly
Native extension for WindowsStandalone target not found
Native extension for WebGL target not found
Refreshing native plugins compatible for Editor in 0.40 ms, found 0 plugins.
Preloading 0 native plugins for Editor in 0.00 ms.
Invoked RoslynAnalysisRunner static constructor.
RoslynAnalysisRunner will not be running.
RoslynAnalysisRunner has terminated.
Mono: successfully reloaded assembly
- Completed reload, in  3.393 seconds
Platform modules already initialized, skipping
Refreshing native plugins compatible for Editor in 0.37 ms, found 0 plugins.
Preloading 0 native plugins for Editor in 0.00 ms.
Unloading 1223 Unused Serialized files (Serialized files now loaded: 0)
System memory in use before: 179.2 MB.
System memory in use after: 179.3 MB.

Unloading 5 unused Assets to reduce memory usage. Loaded Objects now: 1797.
Total: 1.957900 ms (FindLiveObjects: 0.160600 ms CreateObjectMapping: 0.046400 ms MarkObjects: 1.604000 ms  DeleteObjects: 0.145500 ms)

AssetImportWorkerClient::OnTransportError - code=2 error=End of file
