Using pre-set license
Built from '2020.2/release' branch; Version is '2020.2.1f1 (270dd8c3da1c) revision 2559448'; Using compiler version '192528614'; Build Type 'Release'
OS: 'Windows 10  (10.0.0) 64bit' Language: 'en' Physical Memory: 8127 MB
BatchMode: 1, IsHumanControllingUs: 0, StartBugReporterOnCrash: 0, Is64bit: 1, IsPro: 0

 COMMAND LINE ARGUMENTS:
C:\Program Files\Unity\Hub\Editor\2020.2.1f1\Editor\Unity.exe
-adb2
-batchMode
-noUpm
-name
AssetImportWorker2
-projectPath
C:/Users/lays3/Desktop/EVER_ONWARD/IDEK/Ever_Onward/Ever_Onward
-logFile
Logs/AssetImportWorker2.log
-srvPort
58405
Successfully changed project path to: C:/Users/lays3/Desktop/EVER_ONWARD/IDEK/Ever_Onward/Ever_Onward
C:/Users/lays3/Desktop/EVER_ONWARD/IDEK/Ever_Onward/Ever_Onward
Using Asset Import Pipeline V2.
Refreshing native plugins compatible for Editor in 96.66 ms, found 0 plugins.
Preloading 0 native plugins for Editor in 0.00 ms.
Initialize engine version: 2020.2.1f1 (270dd8c3da1c)
[Subsystems] Discovering subsystems at path C:/Program Files/Unity/Hub/Editor/2020.2.1f1/Editor/Data/Resources/UnitySubsystems
[Subsystems] Discovering subsystems at path C:/Users/lays3/Desktop/EVER_ONWARD/IDEK/Ever_Onward/Ever_Onward/Assets
GfxDevice: creating device client; threaded=0
Direct3D:
    Version:  Direct3D 11.0 [level 11.1]
    Renderer: NVIDIA GeForce GTX 1060 3GB (ID=0x1c02)
    Vendor:   
    VRAM:     2988 MB
    Driver:   30.0.14.7208
Initialize mono
Mono path[0] = 'C:/Program Files/Unity/Hub/Editor/2020.2.1f1/Editor/Data/Managed'
Mono path[1] = 'C:/Program Files/Unity/Hub/Editor/2020.2.1f1/Editor/Data/MonoBleedingEdge/lib/mono/unityjit'
Mono config path = 'C:/Program Files/Unity/Hub/Editor/2020.2.1f1/Editor/Data/MonoBleedingEdge/etc'
Using monoOptions --debugger-agent=transport=dt_socket,embedding=1,server=y,suspend=n,address=127.0.0.1:56024
Begin MonoManager ReloadAssembly
Registering precompiled unity dll's ...
Register platform support module: C:/Program Files/Unity/Hub/Editor/2020.2.1f1/Editor/Data/PlaybackEngines/WebGLSupport/UnityEditor.WebGL.Extensions.dll
Register platform support module: C:/Program Files/Unity/Hub/Editor/2020.2.1f1/Editor/Data/PlaybackEngines/WindowsStandaloneSupport/UnityEditor.WindowsStandalone.Extensions.dll
Registered in 0.002755 seconds.
Native extension for WindowsStandalone target not found
Native extension for WebGL target not found
Refreshing native plugins compatible for Editor in 56.16 ms, found 0 plugins.
Preloading 0 native plugins for Editor in 0.00 ms.
Invoked RoslynAnalysisRunner static constructor.
RoslynAnalysisRunner will not be running.
RoslynAnalysisRunner has terminated.
Mono: successfully reloaded assembly
- Completed reload, in  1.725 seconds
Platform modules already initialized, skipping
Registering precompiled user dll's ...
Registered in 0.001062 seconds.
Begin MonoManager ReloadAssembly
Native extension for WindowsStandalone target not found
Native extension for WebGL target not found
Refreshing native plugins compatible for Editor in 0.35 ms, found 0 plugins.
Preloading 0 native plugins for Editor in 0.00 ms.
Invoked RoslynAnalysisRunner static constructor.
RoslynAnalysisRunner will not be running.
RoslynAnalysisRunner has terminated.
Mono: successfully reloaded assembly
- Completed reload, in  1.525 seconds
Platform modules already initialized, skipping
========================================================================
Worker process is ready to serve import requests
Launched and connected shader compiler UnityShaderCompiler.exe after 0.15 seconds
Refreshing native plugins compatible for Editor in 0.47 ms, found 0 plugins.
Preloading 0 native plugins for Editor in 0.00 ms.
Unloading 1253 Unused Serialized files (Serialized files now loaded: 0)
System memory in use before: 175.1 MB.
System memory in use after: 175.2 MB.

Unloading 9 unused Assets to reduce memory usage. Loaded Objects now: 1717.
Total: 2.758300 ms (FindLiveObjects: 0.633000 ms CreateObjectMapping: 0.200900 ms MarkObjects: 1.778300 ms  DeleteObjects: 0.144500 ms)

========================================================================
Received Import Request.
  path: Assets/Assest/Environment/Castle/Temple_Textures
  artifactKey: Guid(b283fc7be5fb3c549a19426d7be759b0) Importer(815301076,1909f56bfc062723c751e8b465ee728b)
Start importing Assets/Assest/Environment/Castle/Temple_Textures using Guid(b283fc7be5fb3c549a19426d7be759b0) Importer(815301076,1909f56bfc062723c751e8b465ee728b)  -> (artifact id: '868dbee51e29948c8cc85c262ecc4fca') in 0.083138 seconds
  Import took 0.086243 seconds .

========================================================================
Received Import Request.
  Time since last request: 0.000238 seconds.
  path: Assets/Scenes/Forest.unity
  artifactKey: Guid(1196f51e0f64df649ae25590e24a587d) Importer(815301076,1909f56bfc062723c751e8b465ee728b)
Start importing Assets/Scenes/Forest.unity using Guid(1196f51e0f64df649ae25590e24a587d) Importer(815301076,1909f56bfc062723c751e8b465ee728b)  -> (artifact id: '555a30325633a1b0a190a5a45d2983ec') in 0.057388 seconds
  Import took 0.061833 seconds .

========================================================================
Received Import Request.
  Time since last request: 0.000240 seconds.
  path: Assets/Assest
  artifactKey: Guid(3a33d7dae277cc44589ccfcd3f925cdc) Importer(815301076,1909f56bfc062723c751e8b465ee728b)
Start importing Assets/Assest using Guid(3a33d7dae277cc44589ccfcd3f925cdc) Importer(815301076,1909f56bfc062723c751e8b465ee728b)  -> (artifact id: 'ba8c9ff0b313126bf3e1efc4ed299b2e') in 0.037111 seconds
  Import took 0.039914 seconds .

========================================================================
Received Import Request.
  Time since last request: 0.000172 seconds.
  path: Assets/Assest/Environment/Castle
  artifactKey: Guid(77d71e3bfb7b970488c3ea579a05779e) Importer(815301076,1909f56bfc062723c751e8b465ee728b)
Start importing Assets/Assest/Environment/Castle using Guid(77d71e3bfb7b970488c3ea579a05779e) Importer(815301076,1909f56bfc062723c751e8b465ee728b)  -> (artifact id: 'e4f6df857605ceabdd1629a3dc11748f') in 0.048340 seconds
  Import took 0.050531 seconds .

========================================================================
Received Import Request.
  Time since last request: 0.000180 seconds.
  path: Assets/Assest/Environment
  artifactKey: Guid(a8019dfefe077e14580c7f1e56531441) Importer(815301076,1909f56bfc062723c751e8b465ee728b)
Start importing Assets/Assest/Environment using Guid(a8019dfefe077e14580c7f1e56531441) Importer(815301076,1909f56bfc062723c751e8b465ee728b)  -> (artifact id: '73f10f8460af9b9409e9cf84929033f8') in 0.057722 seconds
  Import took 0.059855 seconds .

========================================================================
Received Import Request.
  Time since last request: 72.775839 seconds.
  path: Assets/Scenes/WestWing.unity
  artifactKey: Guid(75ca9a7277dc5b9478566565554e39af) Importer(815301076,1909f56bfc062723c751e8b465ee728b)
Start importing Assets/Scenes/WestWing.unity using Guid(75ca9a7277dc5b9478566565554e39af) Importer(815301076,1909f56bfc062723c751e8b465ee728b)  -> (artifact id: 'ed0ab6be83b725be773c67bb27e35534') in 0.027253 seconds
  Import took 0.030176 seconds .

========================================================================
Received Import Request.
  Time since last request: 21.362324 seconds.
  path: Assets/Art Assets/Actors/Character/Player_Spring/Spring@Falling Idle.fbx
  artifactKey: Guid(3320488d8a4c5804f90beb0f6c5d9997) Importer(815301076,1909f56bfc062723c751e8b465ee728b)
Start importing Assets/Art Assets/Actors/Character/Player_Spring/Spring@Falling Idle.fbx using Guid(3320488d8a4c5804f90beb0f6c5d9997) Importer(815301076,1909f56bfc062723c751e8b465ee728b)  -> (artifact id: 'bca5511bd1d2cdaa24ce2e85d05a41d9') in 1.731632 seconds
  Import took 1.744642 seconds .

========================================================================
Received Import Request.
  Time since last request: 0.000195 seconds.
  path: Assets/Art Assets/Actors/Character/Player_Spring/Spring@Standing React Death Forward.fbx
  artifactKey: Guid(f04830bdb37018648b0db42b35d38a80) Importer(815301076,1909f56bfc062723c751e8b465ee728b)
Start importing Assets/Art Assets/Actors/Character/Player_Spring/Spring@Standing React Death Forward.fbx using Guid(f04830bdb37018648b0db42b35d38a80) Importer(815301076,1909f56bfc062723c751e8b465ee728b)  -> (artifact id: 'b87513a2a99948c943577d21ab284d10') in 0.106589 seconds
  Import took 0.110781 seconds .

========================================================================
Received Prepare
Registering precompiled user dll's ...
Registered in 0.000921 seconds.
Begin MonoManager ReloadAssembly
Native extension for WindowsStandalone target not found
Native extension for WebGL target not found
Refreshing native plugins compatible for Editor in 0.40 ms, found 0 plugins.
Preloading 0 native plugins for Editor in 0.00 ms.
Invoked RoslynAnalysisRunner static constructor.
RoslynAnalysisRunner will not be running.
RoslynAnalysisRunner has terminated.
Mono: successfully reloaded assembly
- Completed reload, in  1.458 seconds
Platform modules already initialized, skipping
Refreshing native plugins compatible for Editor in 0.35 ms, found 0 plugins.
Preloading 0 native plugins for Editor in 0.00 ms.
Unloading 1221 Unused Serialized files (Serialized files now loaded: 0)
System memory in use before: 188.4 MB.
System memory in use after: 188.5 MB.

Unloading 5 unused Assets to reduce memory usage. Loaded Objects now: 1763.
Total: 1.689700 ms (FindLiveObjects: 0.142300 ms CreateObjectMapping: 0.041300 ms MarkObjects: 1.415300 ms  DeleteObjects: 0.089400 ms)

========================================================================
Received Import Request.
  Time since last request: 28.010809 seconds.
  path: Assets/Art Assets/Actors/Character/Player_Spring/Player.prefab
  artifactKey: Guid(a9bfe0efd467e954897e90d5010241f6) Importer(815301076,1909f56bfc062723c751e8b465ee728b)
Start importing Assets/Art Assets/Actors/Character/Player_Spring/Player.prefab using Guid(a9bfe0efd467e954897e90d5010241f6) Importer(815301076,1909f56bfc062723c751e8b465ee728b)  -> (artifact id: '26ec783718e6da45dfd327dad4875604') in 2.200355 seconds
  Import took 2.654456 seconds .

========================================================================
Received Prepare
Registering precompiled user dll's ...
Registered in 0.003233 seconds.
Begin MonoManager ReloadAssembly
Native extension for WindowsStandalone target not found
Native extension for WebGL target not found
Refreshing native plugins compatible for Editor in 0.91 ms, found 0 plugins.
Preloading 0 native plugins for Editor in 0.00 ms.
Invoked RoslynAnalysisRunner static constructor.
RoslynAnalysisRunner will not be running.
RoslynAnalysisRunner has terminated.
Mono: successfully reloaded assembly
- Completed reload, in  1.344 seconds
Platform modules already initialized, skipping
Refreshing native plugins compatible for Editor in 0.41 ms, found 0 plugins.
Preloading 0 native plugins for Editor in 0.00 ms.
Unloading 1221 Unused Serialized files (Serialized files now loaded: 0)
System memory in use before: 188.7 MB.
System memory in use after: 188.7 MB.

Unloading 5 unused Assets to reduce memory usage. Loaded Objects now: 1768.
Total: 2.911700 ms (FindLiveObjects: 0.279900 ms CreateObjectMapping: 0.094100 ms MarkObjects: 2.432800 ms  DeleteObjects: 0.102700 ms)

AssetImportWorkerClient::OnTransportError - code=2 error=End of file
