Using pre-set license
Built from '2020.2/release' branch; Version is '2020.2.1f1 (270dd8c3da1c) revision 2559448'; Using compiler version '192528614'; Build Type 'Release'
OS: 'Windows 10  (10.0.0) 64bit' Language: 'en' Physical Memory: 8127 MB
BatchMode: 1, IsHumanControllingUs: 0, StartBugReporterOnCrash: 0, Is64bit: 1, IsPro: 0

 COMMAND LINE ARGUMENTS:
C:\Program Files\Unity\Hub\Editor\2020.2.1f1\Editor\Unity.exe
-adb2
-batchMode
-noUpm
-name
AssetImportWorker1
-projectPath
C:/Users/lays3/Desktop/EVER_ONWARD/IDEK/Ever_Onward/Ever_Onward
-logFile
Logs/AssetImportWorker1.log
-srvPort
60521
Successfully changed project path to: C:/Users/lays3/Desktop/EVER_ONWARD/IDEK/Ever_Onward/Ever_Onward
C:/Users/lays3/Desktop/EVER_ONWARD/IDEK/Ever_Onward/Ever_Onward
Using Asset Import Pipeline V2.
Refreshing native plugins compatible for Editor in 47.99 ms, found 0 plugins.
Preloading 0 native plugins for Editor in 0.00 ms.
Initialize engine version: 2020.2.1f1 (270dd8c3da1c)
[Subsystems] Discovering subsystems at path C:/Program Files/Unity/Hub/Editor/2020.2.1f1/Editor/Data/Resources/UnitySubsystems
[Subsystems] Discovering subsystems at path C:/Users/lays3/Desktop/EVER_ONWARD/IDEK/Ever_Onward/Ever_Onward/Assets
GfxDevice: creating device client; threaded=0
Direct3D:
    Version:  Direct3D 11.0 [level 11.1]
    Renderer: NVIDIA GeForce GTX 1060 3GB (ID=0x1c02)
    Vendor:   
    VRAM:     2988 MB
    Driver:   30.0.14.7208
Initialize mono
Mono path[0] = 'C:/Program Files/Unity/Hub/Editor/2020.2.1f1/Editor/Data/Managed'
Mono path[1] = 'C:/Program Files/Unity/Hub/Editor/2020.2.1f1/Editor/Data/MonoBleedingEdge/lib/mono/unityjit'
Mono config path = 'C:/Program Files/Unity/Hub/Editor/2020.2.1f1/Editor/Data/MonoBleedingEdge/etc'
Using monoOptions --debugger-agent=transport=dt_socket,embedding=1,server=y,suspend=n,address=127.0.0.1:56088
Begin MonoManager ReloadAssembly
Registering precompiled unity dll's ...
Register platform support module: C:/Program Files/Unity/Hub/Editor/2020.2.1f1/Editor/Data/PlaybackEngines/WebGLSupport/UnityEditor.WebGL.Extensions.dll
Register platform support module: C:/Program Files/Unity/Hub/Editor/2020.2.1f1/Editor/Data/PlaybackEngines/WindowsStandaloneSupport/UnityEditor.WindowsStandalone.Extensions.dll
Registered in 0.002851 seconds.
Native extension for WindowsStandalone target not found
Native extension for WebGL target not found
Refreshing native plugins compatible for Editor in 43.05 ms, found 0 plugins.
Preloading 0 native plugins for Editor in 0.00 ms.
Invoked RoslynAnalysisRunner static constructor.
RoslynAnalysisRunner will not be running.
RoslynAnalysisRunner has terminated.
Mono: successfully reloaded assembly
- Completed reload, in  1.682 seconds
Platform modules already initialized, skipping
Registering precompiled user dll's ...
Registered in 0.001559 seconds.
Begin MonoManager ReloadAssembly
Native extension for WindowsStandalone target not found
Native extension for WebGL target not found
Refreshing native plugins compatible for Editor in 0.61 ms, found 0 plugins.
Preloading 0 native plugins for Editor in 0.00 ms.
Invoked RoslynAnalysisRunner static constructor.
RoslynAnalysisRunner will not be running.
RoslynAnalysisRunner has terminated.
Mono: successfully reloaded assembly
- Completed reload, in  1.479 seconds
Platform modules already initialized, skipping
========================================================================
Worker process is ready to serve import requests
Launched and connected shader compiler UnityShaderCompiler.exe after 0.17 seconds
Refreshing native plugins compatible for Editor in 0.46 ms, found 0 plugins.
Preloading 0 native plugins for Editor in 0.00 ms.
Unloading 1253 Unused Serialized files (Serialized files now loaded: 0)
System memory in use before: 174.9 MB.
System memory in use after: 175.0 MB.

Unloading 9 unused Assets to reduce memory usage. Loaded Objects now: 1717.
Total: 2.141300 ms (FindLiveObjects: 0.204500 ms CreateObjectMapping: 0.060600 ms MarkObjects: 1.744700 ms  DeleteObjects: 0.128700 ms)

========================================================================
Received Import Request.
  path: Assets/Assest/Character
  artifactKey: Guid(a93c088295fb6234c8f8964fd21be6fb) Importer(815301076,1909f56bfc062723c751e8b465ee728b)
Start importing Assets/Assest/Character using Guid(a93c088295fb6234c8f8964fd21be6fb) Importer(815301076,1909f56bfc062723c751e8b465ee728b)  -> (artifact id: '9e1291a8fd3224d2f5aaec2eb63abf03') in 0.059102 seconds
  Import took 0.104177 seconds .

========================================================================
Received Import Request.
  Time since last request: 0.000334 seconds.
  path: Assets/Assest/Character/BOSS_Winter/Heavy/Animations/Keeps/great sword idle (5).fbx
  artifactKey: Guid(d894851580f14b144b596acbe928ca01) Importer(815301076,1909f56bfc062723c751e8b465ee728b)
Start importing Assets/Assest/Character/BOSS_Winter/Heavy/Animations/Keeps/great sword idle (5).fbx using Guid(d894851580f14b144b596acbe928ca01) Importer(815301076,1909f56bfc062723c751e8b465ee728b)  -> (artifact id: 'c75af11cbdacb13d6d6452f16b0a9c04') in 1.037401 seconds
  Import took 1.040875 seconds .

========================================================================
Received Import Request.
  Time since last request: 0.000248 seconds.
  path: Assets/Assest
  artifactKey: Guid(ed29a88c838e91a448f763f136429672) Importer(815301076,1909f56bfc062723c751e8b465ee728b)
Start importing Assets/Assest using Guid(ed29a88c838e91a448f763f136429672) Importer(815301076,1909f56bfc062723c751e8b465ee728b)  -> (artifact id: '366ed2adff6c0cfa1c39688c76123c11') in 0.206546 seconds
  Import took 0.209285 seconds .

========================================================================
Received Import Request.
  Time since last request: 0.000258 seconds.
  path: Assets/Assest/Character/BOSS_Winter
  artifactKey: Guid(23f6c4c3d33824a439a48fd88ae6fec2) Importer(815301076,1909f56bfc062723c751e8b465ee728b)
Start importing Assets/Assest/Character/BOSS_Winter using Guid(23f6c4c3d33824a439a48fd88ae6fec2) Importer(815301076,1909f56bfc062723c751e8b465ee728b)  -> (artifact id: '1aca24583f6c9738b9a2cd7e0c026d02') in 0.010125 seconds
  Import took 0.015252 seconds .

========================================================================
Received Import Request.
  Time since last request: 0.000217 seconds.
  path: Assets/Assest/Character/BOSS_Winter/Heavy/Animations
  artifactKey: Guid(fb263d7cd2f20c94187500e3d33d6342) Importer(815301076,1909f56bfc062723c751e8b465ee728b)
Start importing Assets/Assest/Character/BOSS_Winter/Heavy/Animations using Guid(fb263d7cd2f20c94187500e3d33d6342) Importer(815301076,1909f56bfc062723c751e8b465ee728b)  -> (artifact id: 'f59c3d142499203cf659bab207764fe1') in 0.051393 seconds
  Import took 0.076817 seconds .

========================================================================
Received Import Request.
  Time since last request: 0.000170 seconds.
  path: Assets/Clark_Final_Models
  artifactKey: Guid(692279a5a37a2fd4c8b4b5bb27ac8421) Importer(815301076,1909f56bfc062723c751e8b465ee728b)
Start importing Assets/Clark_Final_Models using Guid(692279a5a37a2fd4c8b4b5bb27ac8421) Importer(815301076,1909f56bfc062723c751e8b465ee728b)  -> (artifact id: 'f5f4b40d74ebc1700dfbd401ca120922') in 0.018505 seconds
  Import took 0.022253 seconds .

========================================================================
Received Import Request.
  Time since last request: 0.000180 seconds.
  path: Assets/Assest/Environment
  artifactKey: Guid(1d5d0dfefa967e3419b55d0447214913) Importer(815301076,1909f56bfc062723c751e8b465ee728b)
Start importing Assets/Assest/Environment using Guid(1d5d0dfefa967e3419b55d0447214913) Importer(815301076,1909f56bfc062723c751e8b465ee728b)  -> (artifact id: '3fd141190cecec3e783e26f51a466fb0') in 0.069603 seconds
  Import took 0.090194 seconds .

========================================================================
Received Import Request.
  Time since last request: 0.000176 seconds.
  path: Assets/Assest/Environment/Castle
  artifactKey: Guid(ce5fe07ca0207424d91f9c7716b92bb0) Importer(815301076,1909f56bfc062723c751e8b465ee728b)
Start importing Assets/Assest/Environment/Castle using Guid(ce5fe07ca0207424d91f9c7716b92bb0) Importer(815301076,1909f56bfc062723c751e8b465ee728b)  -> (artifact id: '19f2dcb9ccf7383a09f5534c3ae632e5') in 0.025254 seconds
  Import took 0.032138 seconds .

========================================================================
Received Import Request.
  Time since last request: 0.000222 seconds.
  path: Assets/Assest/Spells
  artifactKey: Guid(d4a34d0e470e0b146bdd7fa223b0121f) Importer(815301076,1909f56bfc062723c751e8b465ee728b)
Start importing Assets/Assest/Spells using Guid(d4a34d0e470e0b146bdd7fa223b0121f) Importer(815301076,1909f56bfc062723c751e8b465ee728b)  -> (artifact id: '658830b753a34ea6e6794d9824975e92') in 0.070664 seconds
  Import took 0.093648 seconds .

========================================================================
Received Import Request.
  Time since last request: 0.000685 seconds.
  path: Assets/Assest/Character/BOSS_Winter/Heavy
  artifactKey: Guid(422f417482df41b439cf67532b52d435) Importer(815301076,1909f56bfc062723c751e8b465ee728b)
Start importing Assets/Assest/Character/BOSS_Winter/Heavy using Guid(422f417482df41b439cf67532b52d435) Importer(815301076,1909f56bfc062723c751e8b465ee728b)  -> (artifact id: 'deb145f93c6c78e60beacc8fd32acd59') in 0.032711 seconds
  Import took 0.038646 seconds .

========================================================================
Received Import Request.
  Time since last request: 0.015754 seconds.
  path: Assets/Assest/Character/BOSS_Winter/Heavy/Animations/Keeps
  artifactKey: Guid(78ce0a7ce2167004aafa6f5d47c89db4) Importer(815301076,1909f56bfc062723c751e8b465ee728b)
Start importing Assets/Assest/Character/BOSS_Winter/Heavy/Animations/Keeps using Guid(78ce0a7ce2167004aafa6f5d47c89db4) Importer(815301076,1909f56bfc062723c751e8b465ee728b)  -> (artifact id: '3f724074cb88b9dbb4d61a80d028a761') in 0.034507 seconds
  Import took 0.093860 seconds .

========================================================================
Received Import Request.
  Time since last request: 122.811010 seconds.
  path: Assets/Assest/Environment/Castle/Textures
  artifactKey: Guid(cc1ca06a4fc167d40a30e243dbd4c119) Importer(815301076,1909f56bfc062723c751e8b465ee728b)
Start importing Assets/Assest/Environment/Castle/Textures using Guid(cc1ca06a4fc167d40a30e243dbd4c119) Importer(815301076,1909f56bfc062723c751e8b465ee728b)  -> (artifact id: 'b75bb6e2d9fcac548ae758f28deb73a6') in 0.264565 seconds
  Import took 0.267365 seconds .

========================================================================
Received Import Request.
  Time since last request: 2.943737 seconds.
  path: Assets/Assest/Environment/Trees
  artifactKey: Guid(7d71bd63589f29f47b7941d720979667) Importer(815301076,1909f56bfc062723c751e8b465ee728b)
Start importing Assets/Assest/Environment/Trees using Guid(7d71bd63589f29f47b7941d720979667) Importer(815301076,1909f56bfc062723c751e8b465ee728b)  -> (artifact id: '33a41bd65f1c6c08536654a41847beda') in 0.009797 seconds
  Import took 0.012092 seconds .

========================================================================
Received Import Request.
  Time since last request: 5.852479 seconds.
  path: Assets/Assest/Environment/Nature
  artifactKey: Guid(34e608a929a7b7a47ac0b14720445d97) Importer(815301076,1909f56bfc062723c751e8b465ee728b)
Start importing Assets/Assest/Environment/Nature using Guid(34e608a929a7b7a47ac0b14720445d97) Importer(815301076,1909f56bfc062723c751e8b465ee728b)  -> (artifact id: '143db0b60cc9348c8934d63bcbfe926d') in 0.009335 seconds
  Import took 0.016446 seconds .

========================================================================
Received Import Request.
  Time since last request: 20.230792 seconds.
  path: Assets/Assest/Spells/WhirlWind
  artifactKey: Guid(07dd3b1e6ea5baf44a3d4dce634c1d92) Importer(815301076,1909f56bfc062723c751e8b465ee728b)
Start importing Assets/Assest/Spells/WhirlWind using Guid(07dd3b1e6ea5baf44a3d4dce634c1d92) Importer(815301076,1909f56bfc062723c751e8b465ee728b)  -> (artifact id: 'c39a2b0d88755a83437d26c4a5ba6470') in 0.011459 seconds
  Import took 0.014632 seconds .

========================================================================
Received Import Request.
  Time since last request: 4.491853 seconds.
  path: Assets/Assest/Character/Enemy_2.0
  artifactKey: Guid(eb6856d2015d0c44c910f8be65ff09d5) Importer(815301076,1909f56bfc062723c751e8b465ee728b)
Start importing Assets/Assest/Character/Enemy_2.0 using Guid(eb6856d2015d0c44c910f8be65ff09d5) Importer(815301076,1909f56bfc062723c751e8b465ee728b)  -> (artifact id: 'a90e9f5dfd0d77aec660d5dc3e0f5be7') in 0.011551 seconds
  Import took 0.014196 seconds .

========================================================================
Received Import Request.
  Time since last request: 0.812943 seconds.
  path: Assets/Assest/Character/Enemy_2.0/Armor
  artifactKey: Guid(39909a57a8317bb4f9a39cd0834044b3) Importer(815301076,1909f56bfc062723c751e8b465ee728b)
Start importing Assets/Assest/Character/Enemy_2.0/Armor using Guid(39909a57a8317bb4f9a39cd0834044b3) Importer(815301076,1909f56bfc062723c751e8b465ee728b)  -> (artifact id: 'afe247e0254b860126c771532557c7b4') in 0.011675 seconds
  Import took 0.014603 seconds .

========================================================================
Received Import Request.
  Time since last request: 3.589611 seconds.
  path: Assets/Assest/Character/Player_Spring
  artifactKey: Guid(92c4258634ca4fa4093454b227dffc3d) Importer(815301076,1909f56bfc062723c751e8b465ee728b)
Start importing Assets/Assest/Character/Player_Spring using Guid(92c4258634ca4fa4093454b227dffc3d) Importer(815301076,1909f56bfc062723c751e8b465ee728b)  -> (artifact id: 'c4c0431d35f408b1a2bd9e195bb25774') in 0.010583 seconds
  Import took 0.015752 seconds .

========================================================================
Received Import Request.
  Time since last request: 205.809292 seconds.
  path: Assets/Clark_Textures
  artifactKey: Guid(c5b881f49fa89b74db178fe23715dff1) Importer(815301076,1909f56bfc062723c751e8b465ee728b)
Start importing Assets/Clark_Textures using Guid(c5b881f49fa89b74db178fe23715dff1) Importer(815301076,1909f56bfc062723c751e8b465ee728b)  -> (artifact id: '84242c024f0933ccde4dc3220c0eb67d') in 0.012268 seconds
  Import took 0.015203 seconds .

========================================================================
Received Import Request.
  Time since last request: 1.550263 seconds.
  path: Assets/Clark_Textures/T_Stonepile
  artifactKey: Guid(915ab7798aaf983488c5ceaa708cd1e2) Importer(815301076,1909f56bfc062723c751e8b465ee728b)
Start importing Assets/Clark_Textures/T_Stonepile using Guid(915ab7798aaf983488c5ceaa708cd1e2) Importer(815301076,1909f56bfc062723c751e8b465ee728b)  -> (artifact id: '2694d31960676d66b813c9a04fbc41bf') in 0.008955 seconds
  Import took 0.011868 seconds .

========================================================================
Received Import Request.
  Time since last request: 0.344941 seconds.
  path: Assets/Clark_Textures/T_Stonepile/T_Stonepile.mat
  artifactKey: Guid(dcce80b62627d5c42abc23fd8c786d3e) Importer(815301076,1909f56bfc062723c751e8b465ee728b)
Start importing Assets/Clark_Textures/T_Stonepile/T_Stonepile.mat using Guid(dcce80b62627d5c42abc23fd8c786d3e) Importer(815301076,1909f56bfc062723c751e8b465ee728b)  -> (artifact id: '80d56fb8fd4c0369acaf579aea1940fc') in 0.853160 seconds
  Import took 0.856165 seconds .

========================================================================
Received Import Request.
  Time since last request: 43.228511 seconds.
  path: Assets/Darth_Artisan
  artifactKey: Guid(c7c50adfcd1164f458d422f16e2604fa) Importer(815301076,1909f56bfc062723c751e8b465ee728b)
Start importing Assets/Darth_Artisan using Guid(c7c50adfcd1164f458d422f16e2604fa) Importer(815301076,1909f56bfc062723c751e8b465ee728b)  -> (artifact id: 'b5357462eba7ab3fc65ef1ecba69352a') in 0.008522 seconds
  Import took 0.013081 seconds .

========================================================================
Received Import Request.
  Time since last request: 5.330979 seconds.
  path: Assets/Assets
  artifactKey: Guid(804b988d803744b4fab2e10855723f7b) Importer(815301076,1909f56bfc062723c751e8b465ee728b)
Start importing Assets/Assets using Guid(804b988d803744b4fab2e10855723f7b) Importer(815301076,1909f56bfc062723c751e8b465ee728b)  -> (artifact id: '8e1be315ce740c4a5c380215f6a42e3c') in 0.019370 seconds
  Import took 0.022135 seconds .

========================================================================
Received Import Request.
  Time since last request: 0.823676 seconds.
  path: Assets/Assets/Environment
  artifactKey: Guid(25a81b66464cb764e83e605dfedc7ffb) Importer(815301076,1909f56bfc062723c751e8b465ee728b)
Start importing Assets/Assets/Environment using Guid(25a81b66464cb764e83e605dfedc7ffb) Importer(815301076,1909f56bfc062723c751e8b465ee728b)  -> (artifact id: '76ff6ce3fff42792cee16326e0bbf9ee') in 0.034782 seconds
  Import took 0.037688 seconds .

========================================================================
Received Import Request.
  Time since last request: 0.617464 seconds.
  path: Assets/Assets/Environment/Trees
  artifactKey: Guid(61ef26a7714b544468ca8ae345704bfc) Importer(815301076,1909f56bfc062723c751e8b465ee728b)
Start importing Assets/Assets/Environment/Trees using Guid(61ef26a7714b544468ca8ae345704bfc) Importer(815301076,1909f56bfc062723c751e8b465ee728b)  -> (artifact id: '45560f9403e0ff6b4ef9834152f24eba') in 0.008308 seconds
  Import took 0.018781 seconds .

========================================================================
Received Import Request.
  Time since last request: 0.720007 seconds.
  path: Assets/Assets/Environment/Trees/Materials
  artifactKey: Guid(f7195db19120aa749bf3a851592025d1) Importer(815301076,1909f56bfc062723c751e8b465ee728b)
Start importing Assets/Assets/Environment/Trees/Materials using Guid(f7195db19120aa749bf3a851592025d1) Importer(815301076,1909f56bfc062723c751e8b465ee728b)  -> (artifact id: 'c01f06a8493bc7338ca56df5b0854138') in 0.007993 seconds
  Import took 0.010798 seconds .

========================================================================
Received Import Request.
  Time since last request: 5.248766 seconds.
  path: Assets/Assets/Environment/Castle
  artifactKey: Guid(698f82b774d6b224681d9dad010cde43) Importer(815301076,1909f56bfc062723c751e8b465ee728b)
Start importing Assets/Assets/Environment/Castle using Guid(698f82b774d6b224681d9dad010cde43) Importer(815301076,1909f56bfc062723c751e8b465ee728b)  -> (artifact id: '82106e5bebdb8051c390ca2d9a7ab72b') in 0.008271 seconds
  Import took 0.020404 seconds .

========================================================================
Received Import Request.
  Time since last request: 1.279716 seconds.
  path: Assets/Assets/Environment/Castle/Materials
  artifactKey: Guid(d5be8da790183be4b9cf8b9db951a538) Importer(815301076,1909f56bfc062723c751e8b465ee728b)
Start importing Assets/Assets/Environment/Castle/Materials using Guid(d5be8da790183be4b9cf8b9db951a538) Importer(815301076,1909f56bfc062723c751e8b465ee728b)  -> (artifact id: 'dcff505c6351c67ae1db2e0884a519a9') in 0.003425 seconds
  Import took 0.006104 seconds .

========================================================================
Received Import Request.
  Time since last request: 6.221060 seconds.
  path: Assets/Assets/Materials
  artifactKey: Guid(82c5e3b9f00ac54409a524e2084adee7) Importer(815301076,1909f56bfc062723c751e8b465ee728b)
Start importing Assets/Assets/Materials using Guid(82c5e3b9f00ac54409a524e2084adee7) Importer(815301076,1909f56bfc062723c751e8b465ee728b)  -> (artifact id: 'a09357aae915e79f256e9f14ca9122c4') in 0.003870 seconds
  Import took 0.007445 seconds .

========================================================================
Received Import Request.
  Time since last request: 3.805724 seconds.
  path: Assets/Assets/Character
  artifactKey: Guid(4ec6c3137319d724fadac53286fa3f38) Importer(815301076,1909f56bfc062723c751e8b465ee728b)
Start importing Assets/Assets/Character using Guid(4ec6c3137319d724fadac53286fa3f38) Importer(815301076,1909f56bfc062723c751e8b465ee728b)  -> (artifact id: 'ae4272fdb6bbae5bc89955a22da2c9a1') in 0.009850 seconds
  Import took 0.018610 seconds .

========================================================================
Received Import Request.
  Time since last request: 0.994151 seconds.
  path: Assets/Assets/Character/Player
  artifactKey: Guid(0c06403e1cc1ed548b08e66412927d4a) Importer(815301076,1909f56bfc062723c751e8b465ee728b)
Start importing Assets/Assets/Character/Player using Guid(0c06403e1cc1ed548b08e66412927d4a) Importer(815301076,1909f56bfc062723c751e8b465ee728b)  -> (artifact id: '0d9bbb765dcaf884fa147c90f3aded47') in 0.029978 seconds
  Import took 0.032432 seconds .

========================================================================
Received Import Request.
  Time since last request: 3.477295 seconds.
  path: Assets/Assets/Character/Enemy
  artifactKey: Guid(0df8e9e0f9ad9cb40a3ddaa45eab8b44) Importer(815301076,1909f56bfc062723c751e8b465ee728b)
Start importing Assets/Assets/Character/Enemy using Guid(0df8e9e0f9ad9cb40a3ddaa45eab8b44) Importer(815301076,1909f56bfc062723c751e8b465ee728b)  -> (artifact id: '87b68cd25e1986828ea5b206b36c071c') in 0.011171 seconds
  Import took 0.014721 seconds .

========================================================================
Received Import Request.
  Time since last request: 1.888348 seconds.
  path: Assets/Assets/Character/Enemy_2.0
  artifactKey: Guid(8c78ae27776ad8048829e1a556eb23e2) Importer(815301076,1909f56bfc062723c751e8b465ee728b)
Start importing Assets/Assets/Character/Enemy_2.0 using Guid(8c78ae27776ad8048829e1a556eb23e2) Importer(815301076,1909f56bfc062723c751e8b465ee728b)  -> (artifact id: '7b61834290785575305b098a6d96d1d2') in 0.008860 seconds
  Import took 0.016608 seconds .

========================================================================
Received Import Request.
  Time since last request: 0.717543 seconds.
  path: Assets/Assets/Character/Enemy_2.0/Weapons
  artifactKey: Guid(2e3ad198ce073e04092b37d73396ef55) Importer(815301076,1909f56bfc062723c751e8b465ee728b)
Start importing Assets/Assets/Character/Enemy_2.0/Weapons using Guid(2e3ad198ce073e04092b37d73396ef55) Importer(815301076,1909f56bfc062723c751e8b465ee728b)  -> (artifact id: 'ee48ec7e8585995f80b24645e026b52c') in 0.007457 seconds
  Import took 0.009999 seconds .

========================================================================
Received Import Request.
  Time since last request: 2.072705 seconds.
  path: Assets/Assets/Character/Enemy_2.0/Armor
  artifactKey: Guid(561f6a2ccde81754c95c4fd05ea2e125) Importer(815301076,1909f56bfc062723c751e8b465ee728b)
Start importing Assets/Assets/Character/Enemy_2.0/Armor using Guid(561f6a2ccde81754c95c4fd05ea2e125) Importer(815301076,1909f56bfc062723c751e8b465ee728b)  -> (artifact id: '424eb1e92dedfb6a8a362e375a5189ff') in 0.007035 seconds
  Import took 0.009546 seconds .

========================================================================
Received Import Request.
  Time since last request: 23.166850 seconds.
  path: Assets/Darth_Artisan/Free_Trees
  artifactKey: Guid(83853ca06a9f28e4f80662a2ba6dfe65) Importer(815301076,1909f56bfc062723c751e8b465ee728b)
Start importing Assets/Darth_Artisan/Free_Trees using Guid(83853ca06a9f28e4f80662a2ba6dfe65) Importer(815301076,1909f56bfc062723c751e8b465ee728b)  -> (artifact id: 'fcaa4789837204925630236762b96b6a') in 0.007864 seconds
  Import took 0.012347 seconds .

========================================================================
Received Import Request.
  Time since last request: 0.890163 seconds.
  path: Assets/Darth_Artisan/Free_Trees/Meshes
  artifactKey: Guid(1da5d5caec71db845b439327d9b901e8) Importer(815301076,1909f56bfc062723c751e8b465ee728b)
Start importing Assets/Darth_Artisan/Free_Trees/Meshes using Guid(1da5d5caec71db845b439327d9b901e8) Importer(815301076,1909f56bfc062723c751e8b465ee728b)  -> (artifact id: 'f11b65d028e230fe4026707320e248ad') in 0.009733 seconds
  Import took 0.012404 seconds .

========================================================================
Received Import Request.
  Time since last request: 12.915492 seconds.
  path: Assets/Prefabs
  artifactKey: Guid(c083c585690572d439f725d5fc376cab) Importer(815301076,1909f56bfc062723c751e8b465ee728b)
Start importing Assets/Prefabs using Guid(c083c585690572d439f725d5fc376cab) Importer(815301076,1909f56bfc062723c751e8b465ee728b)  -> (artifact id: '2ef2dc142520d9b6ecc7b688e02ac749') in 0.011201 seconds
  Import took 0.013728 seconds .

========================================================================
Received Import Request.
  Time since last request: 0.945905 seconds.
  path: Assets/Prefabs/AI
  artifactKey: Guid(e81aee2f86bebea4e8a1cc4c8cdbd515) Importer(815301076,1909f56bfc062723c751e8b465ee728b)
Start importing Assets/Prefabs/AI using Guid(e81aee2f86bebea4e8a1cc4c8cdbd515) Importer(815301076,1909f56bfc062723c751e8b465ee728b)  -> (artifact id: '07630e89515c9d9caba372f963ae75d4') in 0.023536 seconds
  Import took 0.025866 seconds .

========================================================================
Received Import Request.
  Time since last request: 0.223120 seconds.
  path: Assets/Prefabs/AI/Player.prefab
  artifactKey: Guid(623035e34921832449f0c4270a4c9173) Importer(815301076,1909f56bfc062723c751e8b465ee728b)
Start importing Assets/Prefabs/AI/Player.prefab using Guid(623035e34921832449f0c4270a4c9173) Importer(815301076,1909f56bfc062723c751e8b465ee728b)  -> (artifact id: 'c0b5b8c3d5c978d6d42e5c440c2efce3') in 2.047160 seconds
  Import took 2.052982 seconds .

========================================================================
Received Import Request.
  Time since last request: 0.000180 seconds.
  path: Assets/Prefabs/AI/Winter (1).prefab
  artifactKey: Guid(0086ac5be9a18fe42bc5ecfb092324c2) Importer(815301076,1909f56bfc062723c751e8b465ee728b)
Start importing Assets/Prefabs/AI/Winter (1).prefab using Guid(0086ac5be9a18fe42bc5ecfb092324c2) Importer(815301076,1909f56bfc062723c751e8b465ee728b)  -> (artifact id: 'a1143c7c4a2f5d58f0958b9013e476d0') in 1.207082 seconds
  Import took 1.246556 seconds .

========================================================================
Received Import Request.
  Time since last request: 10.526937 seconds.
  path: Assets/Art Assets/Test Prefabs/Player.prefab
  artifactKey: Guid(5dc450f2f515446468c676fcd792a1f4) Importer(815301076,1909f56bfc062723c751e8b465ee728b)
Start importing Assets/Art Assets/Test Prefabs/Player.prefab using Guid(5dc450f2f515446468c676fcd792a1f4) Importer(815301076,1909f56bfc062723c751e8b465ee728b)  -> (artifact id: 'eb2c4ca017155bdbdcb9ac3aec658a3d') in 0.029525 seconds
  Import took 0.033224 seconds .

========================================================================
Received Import Request.
  Time since last request: 3.576417 seconds.
  path: Assets/Art Assets/Test Prefabs/AI/AI-Worker.prefab
  artifactKey: Guid(393202b604d7d0e4293f66881b59e282) Importer(815301076,1909f56bfc062723c751e8b465ee728b)
Start importing Assets/Art Assets/Test Prefabs/AI/AI-Worker.prefab using Guid(393202b604d7d0e4293f66881b59e282) Importer(815301076,1909f56bfc062723c751e8b465ee728b)  -> (artifact id: '17e8cdee26591252ed2affd51f45c133') in 0.160198 seconds
  Import took 0.163144 seconds .

AssetImportWorkerClient::OnTransportError - code=2 error=End of file
