Using pre-set license
Built from '2020.2/release' branch; Version is '2020.2.1f1 (270dd8c3da1c) revision 2559448'; Using compiler version '192528614'; Build Type 'Release'
OS: 'Windows 10  (10.0.0) 64bit' Language: 'en' Physical Memory: 16309 MB
BatchMode: 1, IsHumanControllingUs: 0, StartBugReporterOnCrash: 0, Is64bit: 1, IsPro: 0

 COMMAND LINE ARGUMENTS:
C:\Program Files\Unity\Hub\Editor\2020.2.1f1\Editor\Unity.exe
-adb2
-batchMode
-noUpm
-name
AssetImportWorker0
-projectPath
E:/FERRIS YEAR 4/CAPSTONE/UnityRepo/Ever_Onward/Ever_Onward
-logFile
Logs/AssetImportWorker0.log
-srvPort
63227
Successfully changed project path to: E:/FERRIS YEAR 4/CAPSTONE/UnityRepo/Ever_Onward/Ever_Onward
E:/FERRIS YEAR 4/CAPSTONE/UnityRepo/Ever_Onward/Ever_Onward
Using Asset Import Pipeline V2.
Refreshing native plugins compatible for Editor in 22.28 ms, found 0 plugins.
Preloading 0 native plugins for Editor in 0.00 ms.
Initialize engine version: 2020.2.1f1 (270dd8c3da1c)
[Subsystems] Discovering subsystems at path C:/Program Files/Unity/Hub/Editor/2020.2.1f1/Editor/Data/Resources/UnitySubsystems
[Subsystems] Discovering subsystems at path E:/FERRIS YEAR 4/CAPSTONE/UnityRepo/Ever_Onward/Ever_Onward/Assets
GfxDevice: creating device client; threaded=0
Direct3D:
    Version:  Direct3D 11.0 [level 11.1]
    Renderer: NVIDIA GeForce RTX 3080 (ID=0x2206)
    Vendor:   
    VRAM:     10078 MB
    Driver:   30.0.14.9676
Initialize mono
Mono path[0] = 'C:/Program Files/Unity/Hub/Editor/2020.2.1f1/Editor/Data/Managed'
Mono path[1] = 'C:/Program Files/Unity/Hub/Editor/2020.2.1f1/Editor/Data/MonoBleedingEdge/lib/mono/unityjit'
Mono config path = 'C:/Program Files/Unity/Hub/Editor/2020.2.1f1/Editor/Data/MonoBleedingEdge/etc'
Using monoOptions --debugger-agent=transport=dt_socket,embedding=1,server=y,suspend=n,address=127.0.0.1:56660
Begin MonoManager ReloadAssembly
Registering precompiled unity dll's ...
Register platform support module: C:/Program Files/Unity/Hub/Editor/2020.2.1f1/Editor/Data/PlaybackEngines/WindowsStandaloneSupport/UnityEditor.WindowsStandalone.Extensions.dll
Registered in 0.001368 seconds.
Native extension for WindowsStandalone target not found
Refreshing native plugins compatible for Editor in 21.43 ms, found 0 plugins.
Preloading 0 native plugins for Editor in 0.00 ms.
Invoked RoslynAnalysisRunner static constructor.
RoslynAnalysisRunner will not be running.
RoslynAnalysisRunner has terminated.
Mono: successfully reloaded assembly
- Completed reload, in  0.686 seconds
Platform modules already initialized, skipping
Registering precompiled user dll's ...
Registered in 0.000410 seconds.
Begin MonoManager ReloadAssembly
Native extension for WindowsStandalone target not found
Refreshing native plugins compatible for Editor in 0.30 ms, found 0 plugins.
Preloading 0 native plugins for Editor in 0.00 ms.
Invoked RoslynAnalysisRunner static constructor.
RoslynAnalysisRunner will not be running.
RoslynAnalysisRunner has terminated.
Mono: successfully reloaded assembly
- Completed reload, in  0.506 seconds
Platform modules already initialized, skipping
========================================================================
Worker process is ready to serve import requests
Launched and connected shader compiler UnityShaderCompiler.exe after 0.03 seconds
Refreshing native plugins compatible for Editor in 0.27 ms, found 0 plugins.
Preloading 0 native plugins for Editor in 0.00 ms.
Unloading 1251 Unused Serialized files (Serialized files now loaded: 0)
System memory in use before: 143.2 MB.
System memory in use after: 143.2 MB.

Unloading 9 unused Assets to reduce memory usage. Loaded Objects now: 1704.
Total: 1.486500 ms (FindLiveObjects: 0.117900 ms CreateObjectMapping: 0.032100 ms MarkObjects: 1.289200 ms  DeleteObjects: 0.046700 ms)

========================================================================
Received Import Request.
  path: Assets/Assest/Environment/Castle/TempleWhole.fbx
  artifactKey: Guid(d537ea3ea1cbb7e4e976e47681f27ba7) Importer(815301076,1909f56bfc062723c751e8b465ee728b)
Start importing Assets/Assest/Environment/Castle/TempleWhole.fbx using Guid(d537ea3ea1cbb7e4e976e47681f27ba7) Importer(815301076,1909f56bfc062723c751e8b465ee728b)  -> (artifact id: '13a4c468490dc4e62efd37f64cd816bc') in 0.418315 seconds
  Import took 0.421145 seconds .

========================================================================
Received Import Request.
  Time since last request: 8.440682 seconds.
  path: Assets/Assest/Environment/Castle/TempleUnwrapped.fbx
  artifactKey: Guid(d537ea3ea1cbb7e4e976e47681f27ba7) Importer(815301076,1909f56bfc062723c751e8b465ee728b)
Start importing Assets/Assest/Environment/Castle/TempleUnwrapped.fbx using Guid(d537ea3ea1cbb7e4e976e47681f27ba7) Importer(815301076,1909f56bfc062723c751e8b465ee728b)  -> (artifact id: 'bbcf6326b82c79d189e37e3d085c30cb') in 0.416096 seconds
  Import took 0.438147 seconds .

AssetImportWorkerClient::OnTransportError - code=2 error=End of file
